[0.000s] demo_file_and_filter.py:8 (set) x = 10
[0.000s] demo_file_and_filter.py:9 (set) y = 20
[0.002s] demo_file_and_filter.py:10 sum is 30
[0.004s] demo_file_and_filter.py:41 (set) y = 50
[0.004s] demo_file_and_filter.py:54 (set) foo.x = 10
[0.004s] demo_file_and_filter.py:67 (set) dijkstra.distances = {'A': inf, 'B': inf, 'C': inf, 'D': inf}
[0.004s] demo_file_and_filter.py:67 (change) dijkstra.distances.A = {'op': 'setitem', 'value': 0, 'state': {'A': 0, 'B': inf, 'C': inf, 'D': inf}}
[0.004s] demo_file_and_filter.py:71 (set) dijkstra.queue = [(0, 'A')]
[0.004s] demo_file_and_filter.py:72 (change) dijkstra.queue = {'op': 'pop', 'index': 0, 'value': (0, 'A'), 'state': []}
[0.004s] demo_file_and_filter.py:78 (change) dijkstra.distances.B = {'op': 'setitem', 'value': 1, 'state': {'A': 0, 'B': 1, 'C': inf, 'D': inf}}
[0.004s] demo_file_and_filter.py:79 (change) dijkstra.queue = {'op': 'append', 'value': (1, 'B'), 'state': [(1, 'B')]}
[0.005s] demo_file_and_filter.py:78 (change) dijkstra.distances.C = {'op': 'setitem', 'value': 4, 'state': {'A': 0, 'B': 1, 'C': 4, 'D': inf}}
[0.005s] demo_file_and_filter.py:79 (change) dijkstra.queue = {'op': 'append', 'value': (4, 'C'), 'state': [(1, 'B'), (4, 'C')]}
[0.005s] demo_file_and_filter.py:81 (change) dijkstra.queue = {'op': 'sort', 'args': (), 'kwargs': {}, 'state': [(1, 'B'), (4, 'C')]}
[0.006s] demo_file_and_filter.py:72 (change) dijkstra.queue = {'op': 'pop', 'index': 0, 'value': (1, 'B'), 'state': [(4, 'C')]}
[0.006s] demo_file_and_filter.py:78 (change) dijkstra.distances.C = {'op': 'setitem', 'value': 3, 'state': {'A': 0, 'B': 1, 'C': 3, 'D': inf}}
[0.006s] demo_file_and_filter.py:79 (change) dijkstra.queue = {'op': 'append', 'value': (3, 'C'), 'state': [(4, 'C'), (3, 'C')]}
[0.006s] demo_file_and_filter.py:78 (change) dijkstra.distances.D = {'op': 'setitem', 'value': 6, 'state': {'A': 0, 'B': 1, 'C': 3, 'D': 6}}
[0.006s] demo_file_and_filter.py:79 (change) dijkstra.queue = {'op': 'append', 'value': (6, 'D'), 'state': [(4, 'C'), (3, 'C'), (6, 'D')]}
[0.006s] demo_file_and_filter.py:81 (change) dijkstra.queue = {'op': 'sort', 'args': (), 'kwargs': {}, 'state': [(3, 'C'), (4, 'C'), (6, 'D')]}
[0.007s] demo_file_and_filter.py:72 (change) dijkstra.queue = {'op': 'pop', 'index': 0, 'value': (3, 'C'), 'state': [(4, 'C'), (6, 'D')]}
[0.007s] demo_file_and_filter.py:78 (change) dijkstra.distances.D = {'op': 'setitem', 'value': 4, 'state': {'A': 0, 'B': 1, 'C': 3, 'D': 4}}
[0.007s] demo_file_and_filter.py:79 (change) dijkstra.queue = {'op': 'append', 'value': (4, 'D'), 'state': [(4, 'C'), (6, 'D'), (4, 'D')]}
[0.007s] demo_file_and_filter.py:81 (change) dijkstra.queue = {'op': 'sort', 'args': (), 'kwargs': {}, 'state': [(4, 'C'), (4, 'D'), (6, 'D')]}
[0.007s] demo_file_and_filter.py:72 (change) dijkstra.queue = {'op': 'pop', 'index': 0, 'value': (4, 'C'), 'state': [(4, 'D'), (6, 'D')]}
[0.007s] demo_file_and_filter.py:81 (change) dijkstra.queue = {'op': 'sort', 'args': (), 'kwargs': {}, 'state': [(4, 'D'), (6, 'D')]}
[0.008s] demo_file_and_filter.py:72 (change) dijkstra.queue = {'op': 'pop', 'index': 0, 'value': (4, 'D'), 'state': [(6, 'D')]}
[0.008s] demo_file_and_filter.py:81 (change) dijkstra.queue = {'op': 'sort', 'args': (), 'kwargs': {}, 'state': [(6, 'D')]}
[0.008s] demo_file_and_filter.py:72 (change) dijkstra.queue = {'op': 'pop', 'index': 0, 'value': (6, 'D'), 'state': []}
[0.008s] demo_file_and_filter.py:81 (change) dijkstra.queue = {'op': 'sort', 'args': (), 'kwargs': {}, 'state': []}
[0.008s] demo_file_and_filter.py:96 (change) process.queue = {'op': 'append', 'value': 1, 'state': [1]}
[0.008s] demo_file_and_filter.py:97 (change) process.queue = {'op': 'append', 'value': 2, 'state': [1, 2]}
[0.008s] demo_file_and_filter.py:98 (change) process.queue = {'op': 'pop', 'index': 0, 'value': 1, 'state': [2]}
[0.008s] demo_file_and_filter.py:109 (set) compute.x = 5
